<?xml version="1.0" encoding="UTF-8" ?>
<testsuite tests="7" failures="0" name="ru.sfedu.logistics.data_provider.DataProviderTest" time="0.205" errors="0" skipped="0">
  <properties>
[...]
</properties>
  <testcase classname="ru.sfedu.logistics.data_provider.DataProviderTest" name="testASave" time="0.019"/>
  <testcase classname="ru.sfedu.logistics.data_provider.DataProviderTest" name="testBGetById" time="0.019"/>
  <testcase classname="ru.sfedu.logistics.data_provider.DataProviderTest" name="testCGetCustomerByLogin" time="0.077"/>
  <testcase classname="ru.sfedu.logistics.data_provider.DataProviderTest" name="testDGetDriverByLogin" time="0.012"/>
  <testcase classname="ru.sfedu.logistics.data_provider.DataProviderTest" name="testEUpdate" time="0.028"/>
  <testcase classname="ru.sfedu.logistics.data_provider.DataProviderTest" name="testFgetOrders" time="0.023"/>
  <testcase classname="ru.sfedu.logistics.data_provider.DataProviderTest" name="testIDelete" time="0.027"/>
</testsuite>